2020-12-29 14:11:15 |-INFO  [main] in  com.jinfang.graduationproject.Application - Starting Application on DESKTOP-07HEQN8 with PID 9408 (H:\IdeaWork2\jinfang-graduation-project\target\classes started by 0000 in H:\IdeaWork2\jinfang-graduation-project)
2020-12-29 14:11:15 |-INFO  [main] in  com.jinfang.graduationproject.Application - No active profile set, falling back to default profiles: default
2020-12-29 14:11:22 |-WARN  [main] in  org.mybatis.spring.mapper.ClassPathMapperScanner - No MyBatis mapper was found in '[com.jinfang.graduationproject.*.mapper]' package. Please check your configuration.
2020-12-29 14:11:23 |-INFO  [main] in  o.s.c.s.PostProcessorRegistrationDelegate$BeanPostProcessorChecker - Bean 'org.springframework.security.access.expression.method.DefaultMethodSecurityExpressionHandler@52227eb2' of type [org.springframework.security.access.expression.method.DefaultMethodSecurityExpressionHandler] is not eligible for getting processed by all BeanPostProcessors (for example: not eligible for auto-proxying)
2020-12-29 14:11:23 |-INFO  [main] in  o.s.c.s.PostProcessorRegistrationDelegate$BeanPostProcessorChecker - Bean 'methodSecurityMetadataSource' of type [org.springframework.security.access.method.DelegatingMethodSecurityMetadataSource] is not eligible for getting processed by all BeanPostProcessors (for example: not eligible for auto-proxying)
2020-12-29 14:11:24 |-INFO  [main] in  o.s.boot.web.embedded.tomcat.TomcatWebServer - Tomcat initialized with port(s): 8181 (http)
2020-12-29 14:11:24 |-INFO  [main] in  org.apache.catalina.core.StandardService - Starting service [Tomcat]
2020-12-29 14:11:24 |-INFO  [main] in  org.apache.catalina.core.StandardEngine - Starting Servlet engine: [Apache Tomcat/9.0.36]
2020-12-29 14:11:24 |-INFO  [main] in  o.a.c.core.ContainerBase.[Tomcat].[localhost].[/] - Initializing Spring embedded WebApplicationContext
2020-12-29 14:11:24 |-INFO  [main] in  o.s.b.w.s.c.ServletWebServerApplicationContext - Root WebApplicationContext: initialization completed in 9180 ms
2020-12-29 14:11:25 |-INFO  [main] in  o.s.boot.web.servlet.RegistrationBean - Filter webStatFilter was not registered (possibly already registered?)
2020-12-29 14:11:25 |-INFO  [main] in  o.s.boot.web.servlet.RegistrationBean - Servlet statViewServlet was not registered (possibly already registered?)
2020-12-29 14:11:25 |-INFO  [main] in  com.alibaba.druid.pool.DruidDataSource - {dataSource-1} inited
2020-12-29 14:11:29 |-INFO  [main] in  s.d.s.w.PropertySourcedRequestMappingHandlerMapping - Mapped URL path [/v2/api-docs] onto method [springfox.documentation.swagger2.web.Swagger2Controller#getDocumentation(String, HttpServletRequest)]
2020-12-29 14:11:29 |-INFO  [main] in  o.s.security.web.DefaultSecurityFilterChain - Creating filter chain: any request, [org.springframework.security.web.context.request.async.WebAsyncManagerIntegrationFilter@7a30e30b, org.springframework.security.web.context.SecurityContextPersistenceFilter@304068, org.springframework.security.web.header.HeaderWriterFilter@900649e, org.springframework.web.filter.CorsFilter@70b2fa10, org.springframework.security.web.authentication.logout.LogoutFilter@7dddfc35, org.springframework.security.web.savedrequest.RequestCacheAwareFilter@1cb849b2, org.springframework.security.web.servletapi.SecurityContextHolderAwareRequestFilter@34eaf9c1, org.springframework.security.web.authentication.AnonymousAuthenticationFilter@1dcca426, org.springframework.security.web.session.SessionManagementFilter@43b172e3, org.springframework.security.web.access.ExceptionTranslationFilter@15130002, org.springframework.security.web.access.intercept.FilterSecurityInterceptor@72f35a31]
2020-12-29 14:11:29 |-INFO  [main] in  o.s.scheduling.concurrent.ThreadPoolTaskExecutor - Initializing ExecutorService 'applicationTaskExecutor'
2020-12-29 14:11:30 |-INFO  [main] in  o.s.scheduling.concurrent.ThreadPoolTaskScheduler - Initializing ExecutorService 'taskScheduler'
2020-12-29 14:11:30 |-INFO  [main] in  o.s.boot.web.embedded.tomcat.TomcatWebServer - Tomcat started on port(s): 8181 (http) with context path ''
2020-12-29 14:11:30 |-INFO  [main] in  s.d.s.web.plugins.DocumentationPluginsBootstrapper - Context refreshed
2020-12-29 14:11:30 |-INFO  [main] in  s.d.s.web.plugins.DocumentationPluginsBootstrapper - Found 3 custom documentation plugin(s)
2020-12-29 14:11:30 |-INFO  [main] in  s.d.spring.web.scanners.ApiListingReferenceScanner - Scanning for api listing references
2020-12-29 14:11:30 |-INFO  [main] in  s.d.s.w.r.operation.CachingOperationNameGenerator - Generating unique operation named: findPageUsingPOST_1
2020-12-29 14:11:30 |-INFO  [main] in  s.d.s.w.r.operation.CachingOperationNameGenerator - Generating unique operation named: addUsingGET_1
2020-12-29 14:11:30 |-INFO  [main] in  s.d.s.w.r.operation.CachingOperationNameGenerator - Generating unique operation named: findPageUsingPOST_2
2020-12-29 14:11:30 |-INFO  [main] in  s.d.s.w.r.operation.CachingOperationNameGenerator - Generating unique operation named: addUsingGET_2
2020-12-29 14:11:30 |-INFO  [main] in  s.d.s.w.r.operation.CachingOperationNameGenerator - Generating unique operation named: findPageUsingPOST_3
2020-12-29 14:11:30 |-INFO  [main] in  s.d.s.w.r.operation.CachingOperationNameGenerator - Generating unique operation named: writeUsingPOST_1
2020-12-29 14:11:30 |-INFO  [main] in  s.d.s.w.r.operation.CachingOperationNameGenerator - Generating unique operation named: addUsingGET_3
2020-12-29 14:11:30 |-INFO  [main] in  s.d.s.w.r.operation.CachingOperationNameGenerator - Generating unique operation named: detailsUsingGET_1
2020-12-29 14:11:30 |-INFO  [main] in  s.d.s.w.r.operation.CachingOperationNameGenerator - Generating unique operation named: findPageUsingPOST_4
2020-12-29 14:11:30 |-INFO  [main] in  s.d.s.w.r.operation.CachingOperationNameGenerator - Generating unique operation named: addUsingGET_4
2020-12-29 14:11:30 |-INFO  [main] in  s.d.s.w.r.operation.CachingOperationNameGenerator - Generating unique operation named: findPageUsingPOST_5
2020-12-29 14:11:30 |-INFO  [main] in  s.d.s.w.r.operation.CachingOperationNameGenerator - Generating unique operation named: writeUsingPOST_2
2020-12-29 14:11:30 |-INFO  [main] in  s.d.spring.web.scanners.ApiListingReferenceScanner - Scanning for api listing references
2020-12-29 14:11:30 |-INFO  [main] in  s.d.s.w.r.operation.CachingOperationNameGenerator - Generating unique operation named: findPageUsingPOST_6
2020-12-29 14:11:30 |-INFO  [main] in  s.d.s.w.r.operation.CachingOperationNameGenerator - Generating unique operation named: downloadUsingGET_1
2020-12-29 14:11:30 |-INFO  [main] in  s.d.s.w.r.operation.CachingOperationNameGenerator - Generating unique operation named: findPageUsingPOST_7
2020-12-29 14:11:30 |-INFO  [main] in  s.d.s.w.r.operation.CachingOperationNameGenerator - Generating unique operation named: downloadUsingGET_2
2020-12-29 14:11:30 |-INFO  [main] in  s.d.s.w.r.operation.CachingOperationNameGenerator - Generating unique operation named: findPageUsingPOST_8
2020-12-29 14:11:30 |-INFO  [main] in  s.d.s.w.r.operation.CachingOperationNameGenerator - Generating unique operation named: detailsUsingPOST_1
2020-12-29 14:11:30 |-INFO  [main] in  s.d.s.w.r.operation.CachingOperationNameGenerator - Generating unique operation named: findPageUsingPOST_9
2020-12-29 14:11:30 |-INFO  [main] in  s.d.s.w.r.operation.CachingOperationNameGenerator - Generating unique operation named: saveUsingPOST_1
2020-12-29 14:11:30 |-INFO  [main] in  s.d.s.w.r.operation.CachingOperationNameGenerator - Generating unique operation named: addUsingPOST_1
2020-12-29 14:11:30 |-INFO  [main] in  s.d.s.w.r.operation.CachingOperationNameGenerator - Generating unique operation named: findPageUsingPOST_10
2020-12-29 14:11:30 |-INFO  [main] in  s.d.s.w.r.operation.CachingOperationNameGenerator - Generating unique operation named: findPageUsingPOST_11
2020-12-29 14:11:30 |-INFO  [main] in  s.d.s.w.r.operation.CachingOperationNameGenerator - Generating unique operation named: saveUsingPOST_2
2020-12-29 14:11:30 |-INFO  [main] in  s.d.s.w.r.operation.CachingOperationNameGenerator - Generating unique operation named: examineUsingPOST_1
2020-12-29 14:11:30 |-INFO  [main] in  s.d.s.w.r.operation.CachingOperationNameGenerator - Generating unique operation named: findPageUsingPOST_12
2020-12-29 14:11:30 |-INFO  [main] in  s.d.s.w.r.operation.CachingOperationNameGenerator - Generating unique operation named: getHistoryDetailUsingGET_1
2020-12-29 14:11:30 |-INFO  [main] in  s.d.s.w.r.operation.CachingOperationNameGenerator - Generating unique operation named: examineUsingPOST_2
2020-12-29 14:11:30 |-INFO  [main] in  s.d.s.w.r.operation.CachingOperationNameGenerator - Generating unique operation named: findPageUsingPOST_13
2020-12-29 14:11:30 |-INFO  [main] in  s.d.s.w.r.operation.CachingOperationNameGenerator - Generating unique operation named: getHistoryDetailUsingGET_2
2020-12-29 14:11:31 |-INFO  [main] in  s.d.s.w.r.operation.CachingOperationNameGenerator - Generating unique operation named: detailsUsingPOST_2
2020-12-29 14:11:31 |-INFO  [main] in  s.d.s.w.r.operation.CachingOperationNameGenerator - Generating unique operation named: findPageUsingPOST_14
2020-12-29 14:11:31 |-INFO  [main] in  s.d.s.w.r.operation.CachingOperationNameGenerator - Generating unique operation named: detailsUsingGET_2
2020-12-29 14:11:31 |-INFO  [main] in  s.d.s.w.r.operation.CachingOperationNameGenerator - Generating unique operation named: editUsingPOST_1
2020-12-29 14:11:31 |-INFO  [main] in  s.d.s.w.r.operation.CachingOperationNameGenerator - Generating unique operation named: findPageUsingPOST_15
2020-12-29 14:11:31 |-INFO  [main] in  s.d.s.w.r.operation.CachingOperationNameGenerator - Generating unique operation named: getHistoryDetailUsingGET_3
2020-12-29 14:11:31 |-INFO  [main] in  s.d.s.w.r.operation.CachingOperationNameGenerator - Generating unique operation named: examineUsingPOST_3
2020-12-29 14:11:31 |-INFO  [main] in  s.d.s.w.r.operation.CachingOperationNameGenerator - Generating unique operation named: findPageUsingPOST_16
2020-12-29 14:11:31 |-INFO  [main] in  s.d.s.w.r.operation.CachingOperationNameGenerator - Generating unique operation named: getHistoryDetailUsingGET_4
2020-12-29 14:11:31 |-INFO  [main] in  s.d.s.w.r.operation.CachingOperationNameGenerator - Generating unique operation named: addUsingPOST_2
2020-12-29 14:11:31 |-INFO  [main] in  s.d.s.w.r.operation.CachingOperationNameGenerator - Generating unique operation named: findPageUsingPOST_17
2020-12-29 14:11:31 |-INFO  [main] in  s.d.s.w.r.operation.CachingOperationNameGenerator - Generating unique operation named: addUsingPOST_3
2020-12-29 14:11:31 |-INFO  [main] in  s.d.s.w.r.operation.CachingOperationNameGenerator - Generating unique operation named: detailUsingGET_1
2020-12-29 14:11:31 |-INFO  [main] in  s.d.s.w.r.operation.CachingOperationNameGenerator - Generating unique operation named: findPageUsingPOST_18
2020-12-29 14:11:31 |-INFO  [main] in  s.d.s.w.r.operation.CachingOperationNameGenerator - Generating unique operation named: findPageUsingPOST_19
2020-12-29 14:11:31 |-INFO  [main] in  s.d.s.w.r.operation.CachingOperationNameGenerator - Generating unique operation named: addUsingPOST_4
2020-12-29 14:11:31 |-INFO  [main] in  s.d.s.w.r.operation.CachingOperationNameGenerator - Generating unique operation named: findPageUsingPOST_20
2020-12-29 14:11:31 |-INFO  [main] in  s.d.s.w.r.operation.CachingOperationNameGenerator - Generating unique operation named: downloadUsingGET_3
2020-12-29 14:11:31 |-INFO  [main] in  s.d.s.w.r.operation.CachingOperationNameGenerator - Generating unique operation named: findPageUsingPOST_21
2020-12-29 14:11:31 |-INFO  [main] in  s.d.s.w.r.operation.CachingOperationNameGenerator - Generating unique operation named: findPageUsingPOST_22
2020-12-29 14:11:31 |-INFO  [main] in  s.d.s.w.r.operation.CachingOperationNameGenerator - Generating unique operation named: getDetailUsingGET_1
2020-12-29 14:11:31 |-INFO  [main] in  s.d.s.w.r.operation.CachingOperationNameGenerator - Generating unique operation named: addUsingPOST_5
2020-12-29 14:11:31 |-INFO  [main] in  s.d.s.w.r.operation.CachingOperationNameGenerator - Generating unique operation named: findPageUsingPOST_23
2020-12-29 14:11:31 |-INFO  [main] in  s.d.s.w.r.operation.CachingOperationNameGenerator - Generating unique operation named: getDetailUsingGET_2
2020-12-29 14:11:31 |-INFO  [main] in  s.d.s.w.r.operation.CachingOperationNameGenerator - Generating unique operation named: deleteUsingPOST_1
2020-12-29 14:11:31 |-INFO  [main] in  s.d.s.w.r.operation.CachingOperationNameGenerator - Generating unique operation named: findPageUsingPOST_24
2020-12-29 14:11:31 |-INFO  [main] in  s.d.s.w.r.operation.CachingOperationNameGenerator - Generating unique operation named: downloadUsingGET_4
2020-12-29 14:11:31 |-INFO  [main] in  s.d.s.w.r.operation.CachingOperationNameGenerator - Generating unique operation named: downloadUsingGET_5
2020-12-29 14:11:31 |-INFO  [main] in  s.d.s.w.r.operation.CachingOperationNameGenerator - Generating unique operation named: findPageUsingPOST_25
2020-12-29 14:11:31 |-INFO  [main] in  s.d.s.w.r.operation.CachingOperationNameGenerator - Generating unique operation named: findPageUsingPOST_26
2020-12-29 14:11:31 |-INFO  [main] in  s.d.s.w.r.operation.CachingOperationNameGenerator - Generating unique operation named: findPageUsingPOST_27
2020-12-29 14:11:31 |-INFO  [main] in  s.d.s.w.r.operation.CachingOperationNameGenerator - Generating unique operation named: addUsingPOST_6
2020-12-29 14:11:31 |-INFO  [main] in  s.d.s.w.r.operation.CachingOperationNameGenerator - Generating unique operation named: findPageUsingPOST_28
2020-12-29 14:11:31 |-INFO  [main] in  s.d.s.w.r.operation.CachingOperationNameGenerator - Generating unique operation named: applyModifyUsingGET_1
2020-12-29 14:11:31 |-INFO  [main] in  s.d.s.w.r.operation.CachingOperationNameGenerator - Generating unique operation named: detailsUsingPOST_3
2020-12-29 14:11:31 |-INFO  [main] in  s.d.s.w.r.operation.CachingOperationNameGenerator - Generating unique operation named: examineUsingPOST_4
2020-12-29 14:11:31 |-INFO  [main] in  s.d.s.w.r.operation.CachingOperationNameGenerator - Generating unique operation named: findPageUsingPOST_29
2020-12-29 14:11:31 |-INFO  [main] in  s.d.s.w.r.operation.CachingOperationNameGenerator - Generating unique operation named: findPageUsingPOST_30
2020-12-29 14:11:31 |-INFO  [main] in  s.d.s.w.r.operation.CachingOperationNameGenerator - Generating unique operation named: findPageUsingPOST_31
2020-12-29 14:11:31 |-INFO  [main] in  s.d.s.w.r.operation.CachingOperationNameGenerator - Generating unique operation named: initUsingPOST_1
2020-12-29 14:11:31 |-INFO  [main] in  s.d.s.w.r.operation.CachingOperationNameGenerator - Generating unique operation named: addUsingPOST_7
2020-12-29 14:11:31 |-INFO  [main] in  s.d.s.w.r.operation.CachingOperationNameGenerator - Generating unique operation named: findPageUsingPOST_32
2020-12-29 14:11:31 |-INFO  [main] in  s.d.s.w.r.operation.CachingOperationNameGenerator - Generating unique operation named: getDetailUsingGET_3
2020-12-29 14:11:31 |-INFO  [main] in  s.d.s.w.r.operation.CachingOperationNameGenerator - Generating unique operation named: getInputValuesUsingGET_1
2020-12-29 14:11:31 |-INFO  [main] in  s.d.spring.web.scanners.ApiListingReferenceScanner - Scanning for api listing references
2020-12-29 14:11:31 |-INFO  [main] in  s.d.s.w.r.operation.CachingOperationNameGenerator - Generating unique operation named: downloadUsingGET_6
2020-12-29 14:11:31 |-INFO  [main] in  s.d.s.w.r.operation.CachingOperationNameGenerator - Generating unique operation named: deleteUsingPOST_2
2020-12-29 14:11:31 |-INFO  [main] in  s.d.s.w.r.operation.CachingOperationNameGenerator - Generating unique operation named: saveUsingPOST_3
2020-12-29 14:11:31 |-INFO  [main] in  s.d.s.w.r.operation.CachingOperationNameGenerator - Generating unique operation named: deleteUsingPOST_3
2020-12-29 14:11:31 |-INFO  [main] in  s.d.s.w.r.operation.CachingOperationNameGenerator - Generating unique operation named: findPageUsingPOST_33
2020-12-29 14:11:31 |-INFO  [main] in  s.d.s.w.r.operation.CachingOperationNameGenerator - Generating unique operation named: saveUsingPOST_4
2020-12-29 14:11:31 |-INFO  [main] in  s.d.s.w.r.operation.CachingOperationNameGenerator - Generating unique operation named: deleteUsingPOST_4
2020-12-29 14:11:31 |-INFO  [main] in  s.d.s.w.r.operation.CachingOperationNameGenerator - Generating unique operation named: findPageUsingPOST_34
2020-12-29 14:11:31 |-INFO  [main] in  s.d.s.w.r.operation.CachingOperationNameGenerator - Generating unique operation named: findPermissionsUsingGET_1
2020-12-29 14:11:31 |-INFO  [main] in  s.d.s.w.r.operation.CachingOperationNameGenerator - Generating unique operation named: saveUsingPOST_5
2020-12-29 14:11:31 |-INFO  [main] in  com.jinfang.graduationproject.Application - Started Application in 17.019 seconds (JVM running for 21.112)
2020-12-29 14:12:21 |-INFO  [http-nio-8181-exec-1] in  o.a.c.core.ContainerBase.[Tomcat].[localhost].[/] - Initializing Spring DispatcherServlet 'dispatcherServlet'
2020-12-29 14:12:21 |-INFO  [http-nio-8181-exec-1] in  org.springframework.web.servlet.DispatcherServlet - Initializing Servlet 'dispatcherServlet'
2020-12-29 14:12:21 |-INFO  [http-nio-8181-exec-1] in  org.springframework.web.servlet.DispatcherServlet - Completed initialization in 15 ms
2020-12-29 14:14:11 |-INFO  [main] in  com.jinfang.graduationproject.Application - Starting Application on DESKTOP-07HEQN8 with PID 14528 (H:\IdeaWork2\jinfang-graduation-project\target\classes started by 0000 in H:\IdeaWork2\jinfang-graduation-project)
2020-12-29 14:14:11 |-INFO  [main] in  com.jinfang.graduationproject.Application - No active profile set, falling back to default profiles: default
2020-12-29 14:14:13 |-WARN  [main] in  org.mybatis.spring.mapper.ClassPathMapperScanner - No MyBatis mapper was found in '[com.jinfang.graduationproject.*.mapper]' package. Please check your configuration.
2020-12-29 14:14:14 |-INFO  [main] in  o.s.c.s.PostProcessorRegistrationDelegate$BeanPostProcessorChecker - Bean 'org.springframework.security.access.expression.method.DefaultMethodSecurityExpressionHandler@3fa21d49' of type [org.springframework.security.access.expression.method.DefaultMethodSecurityExpressionHandler] is not eligible for getting processed by all BeanPostProcessors (for example: not eligible for auto-proxying)
2020-12-29 14:14:14 |-INFO  [main] in  o.s.c.s.PostProcessorRegistrationDelegate$BeanPostProcessorChecker - Bean 'methodSecurityMetadataSource' of type [org.springframework.security.access.method.DelegatingMethodSecurityMetadataSource] is not eligible for getting processed by all BeanPostProcessors (for example: not eligible for auto-proxying)
2020-12-29 14:14:14 |-INFO  [main] in  o.s.boot.web.embedded.tomcat.TomcatWebServer - Tomcat initialized with port(s): 8181 (http)
2020-12-29 14:14:14 |-INFO  [main] in  org.apache.catalina.core.StandardService - Starting service [Tomcat]
2020-12-29 14:14:14 |-INFO  [main] in  org.apache.catalina.core.StandardEngine - Starting Servlet engine: [Apache Tomcat/9.0.36]
2020-12-29 14:14:15 |-INFO  [main] in  o.a.c.core.ContainerBase.[Tomcat].[localhost].[/] - Initializing Spring embedded WebApplicationContext
2020-12-29 14:14:15 |-INFO  [main] in  o.s.b.w.s.c.ServletWebServerApplicationContext - Root WebApplicationContext: initialization completed in 3823 ms
2020-12-29 14:14:15 |-INFO  [main] in  o.s.boot.web.servlet.RegistrationBean - Filter webStatFilter was not registered (possibly already registered?)
2020-12-29 14:14:15 |-INFO  [main] in  o.s.boot.web.servlet.RegistrationBean - Servlet statViewServlet was not registered (possibly already registered?)
2020-12-29 14:14:16 |-INFO  [main] in  com.alibaba.druid.pool.DruidDataSource - {dataSource-1} inited
2020-12-29 14:14:20 |-INFO  [main] in  s.d.s.w.PropertySourcedRequestMappingHandlerMapping - Mapped URL path [/v2/api-docs] onto method [springfox.documentation.swagger2.web.Swagger2Controller#getDocumentation(String, HttpServletRequest)]
2020-12-29 14:14:20 |-INFO  [main] in  o.s.security.web.DefaultSecurityFilterChain - Creating filter chain: any request, [org.springframework.security.web.context.request.async.WebAsyncManagerIntegrationFilter@66048ac4, org.springframework.security.web.context.SecurityContextPersistenceFilter@18a0721b, org.springframework.security.web.header.HeaderWriterFilter@6aaa678d, org.springframework.web.filter.CorsFilter@11d4d979, org.springframework.security.web.authentication.logout.LogoutFilter@f5ae29e, org.springframework.security.web.savedrequest.RequestCacheAwareFilter@66e12c3b, org.springframework.security.web.servletapi.SecurityContextHolderAwareRequestFilter@2a11ae0b, org.springframework.security.web.authentication.AnonymousAuthenticationFilter@4f525e13, org.springframework.security.web.session.SessionManagementFilter@aa8dce8, org.springframework.security.web.access.ExceptionTranslationFilter@4cef0747, org.springframework.security.web.access.intercept.FilterSecurityInterceptor@6339e604]
2020-12-29 14:14:20 |-INFO  [main] in  o.s.scheduling.concurrent.ThreadPoolTaskExecutor - Initializing ExecutorService 'applicationTaskExecutor'
2020-12-29 14:14:21 |-INFO  [main] in  o.s.scheduling.concurrent.ThreadPoolTaskScheduler - Initializing ExecutorService 'taskScheduler'
2020-12-29 14:14:21 |-INFO  [main] in  o.s.boot.web.embedded.tomcat.TomcatWebServer - Tomcat started on port(s): 8181 (http) with context path ''
2020-12-29 14:14:21 |-INFO  [main] in  s.d.s.web.plugins.DocumentationPluginsBootstrapper - Context refreshed
2020-12-29 14:14:21 |-INFO  [main] in  s.d.s.web.plugins.DocumentationPluginsBootstrapper - Found 3 custom documentation plugin(s)
2020-12-29 14:14:21 |-INFO  [main] in  s.d.spring.web.scanners.ApiListingReferenceScanner - Scanning for api listing references
2020-12-29 14:14:21 |-INFO  [main] in  s.d.s.w.r.operation.CachingOperationNameGenerator - Generating unique operation named: findPageUsingPOST_1
2020-12-29 14:14:21 |-INFO  [main] in  s.d.s.w.r.operation.CachingOperationNameGenerator - Generating unique operation named: addUsingGET_1
2020-12-29 14:14:21 |-INFO  [main] in  s.d.s.w.r.operation.CachingOperationNameGenerator - Generating unique operation named: findPageUsingPOST_2
2020-12-29 14:14:21 |-INFO  [main] in  s.d.s.w.r.operation.CachingOperationNameGenerator - Generating unique operation named: addUsingGET_2
2020-12-29 14:14:21 |-INFO  [main] in  s.d.s.w.r.operation.CachingOperationNameGenerator - Generating unique operation named: findPageUsingPOST_3
2020-12-29 14:14:21 |-INFO  [main] in  s.d.s.w.r.operation.CachingOperationNameGenerator - Generating unique operation named: writeUsingPOST_1
2020-12-29 14:14:21 |-INFO  [main] in  s.d.s.w.r.operation.CachingOperationNameGenerator - Generating unique operation named: addUsingGET_3
2020-12-29 14:14:21 |-INFO  [main] in  s.d.s.w.r.operation.CachingOperationNameGenerator - Generating unique operation named: detailsUsingGET_1
2020-12-29 14:14:21 |-INFO  [main] in  s.d.s.w.r.operation.CachingOperationNameGenerator - Generating unique operation named: findPageUsingPOST_4
2020-12-29 14:14:21 |-INFO  [main] in  s.d.s.w.r.operation.CachingOperationNameGenerator - Generating unique operation named: addUsingGET_4
2020-12-29 14:14:21 |-INFO  [main] in  s.d.s.w.r.operation.CachingOperationNameGenerator - Generating unique operation named: findPageUsingPOST_5
2020-12-29 14:14:21 |-INFO  [main] in  s.d.s.w.r.operation.CachingOperationNameGenerator - Generating unique operation named: writeUsingPOST_2
2020-12-29 14:14:21 |-INFO  [main] in  s.d.spring.web.scanners.ApiListingReferenceScanner - Scanning for api listing references
2020-12-29 14:14:21 |-INFO  [main] in  s.d.s.w.r.operation.CachingOperationNameGenerator - Generating unique operation named: findPageUsingPOST_6
2020-12-29 14:14:21 |-INFO  [main] in  s.d.s.w.r.operation.CachingOperationNameGenerator - Generating unique operation named: downloadUsingGET_1
2020-12-29 14:14:21 |-INFO  [main] in  s.d.s.w.r.operation.CachingOperationNameGenerator - Generating unique operation named: findPageUsingPOST_7
2020-12-29 14:14:21 |-INFO  [main] in  s.d.s.w.r.operation.CachingOperationNameGenerator - Generating unique operation named: downloadUsingGET_2
2020-12-29 14:14:21 |-INFO  [main] in  s.d.s.w.r.operation.CachingOperationNameGenerator - Generating unique operation named: findPageUsingPOST_8
2020-12-29 14:14:21 |-INFO  [main] in  s.d.s.w.r.operation.CachingOperationNameGenerator - Generating unique operation named: detailsUsingPOST_1
2020-12-29 14:14:21 |-INFO  [main] in  s.d.s.w.r.operation.CachingOperationNameGenerator - Generating unique operation named: findPageUsingPOST_9
2020-12-29 14:14:21 |-INFO  [main] in  s.d.s.w.r.operation.CachingOperationNameGenerator - Generating unique operation named: saveUsingPOST_1
2020-12-29 14:14:21 |-INFO  [main] in  s.d.s.w.r.operation.CachingOperationNameGenerator - Generating unique operation named: addUsingPOST_1
2020-12-29 14:14:21 |-INFO  [main] in  s.d.s.w.r.operation.CachingOperationNameGenerator - Generating unique operation named: findPageUsingPOST_10
2020-12-29 14:14:21 |-INFO  [main] in  s.d.s.w.r.operation.CachingOperationNameGenerator - Generating unique operation named: findPageUsingPOST_11
2020-12-29 14:14:21 |-INFO  [main] in  s.d.s.w.r.operation.CachingOperationNameGenerator - Generating unique operation named: saveUsingPOST_2
2020-12-29 14:14:22 |-INFO  [main] in  s.d.s.w.r.operation.CachingOperationNameGenerator - Generating unique operation named: examineUsingPOST_1
2020-12-29 14:14:22 |-INFO  [main] in  s.d.s.w.r.operation.CachingOperationNameGenerator - Generating unique operation named: findPageUsingPOST_12
2020-12-29 14:14:22 |-INFO  [main] in  s.d.s.w.r.operation.CachingOperationNameGenerator - Generating unique operation named: getHistoryDetailUsingGET_1
2020-12-29 14:14:22 |-INFO  [main] in  s.d.s.w.r.operation.CachingOperationNameGenerator - Generating unique operation named: examineUsingPOST_2
2020-12-29 14:14:22 |-INFO  [main] in  s.d.s.w.r.operation.CachingOperationNameGenerator - Generating unique operation named: findPageUsingPOST_13
2020-12-29 14:14:22 |-INFO  [main] in  s.d.s.w.r.operation.CachingOperationNameGenerator - Generating unique operation named: getHistoryDetailUsingGET_2
2020-12-29 14:14:22 |-INFO  [main] in  s.d.s.w.r.operation.CachingOperationNameGenerator - Generating unique operation named: detailsUsingPOST_2
2020-12-29 14:14:22 |-INFO  [main] in  s.d.s.w.r.operation.CachingOperationNameGenerator - Generating unique operation named: findPageUsingPOST_14
2020-12-29 14:14:22 |-INFO  [main] in  s.d.s.w.r.operation.CachingOperationNameGenerator - Generating unique operation named: detailsUsingGET_2
2020-12-29 14:14:22 |-INFO  [main] in  s.d.s.w.r.operation.CachingOperationNameGenerator - Generating unique operation named: editUsingPOST_1
2020-12-29 14:14:22 |-INFO  [main] in  s.d.s.w.r.operation.CachingOperationNameGenerator - Generating unique operation named: findPageUsingPOST_15
2020-12-29 14:14:22 |-INFO  [main] in  s.d.s.w.r.operation.CachingOperationNameGenerator - Generating unique operation named: getHistoryDetailUsingGET_3
2020-12-29 14:14:22 |-INFO  [main] in  s.d.s.w.r.operation.CachingOperationNameGenerator - Generating unique operation named: examineUsingPOST_3
2020-12-29 14:14:22 |-INFO  [main] in  s.d.s.w.r.operation.CachingOperationNameGenerator - Generating unique operation named: findPageUsingPOST_16
2020-12-29 14:14:22 |-INFO  [main] in  s.d.s.w.r.operation.CachingOperationNameGenerator - Generating unique operation named: getHistoryDetailUsingGET_4
2020-12-29 14:14:22 |-INFO  [main] in  s.d.s.w.r.operation.CachingOperationNameGenerator - Generating unique operation named: addUsingPOST_2
2020-12-29 14:14:22 |-INFO  [main] in  s.d.s.w.r.operation.CachingOperationNameGenerator - Generating unique operation named: findPageUsingPOST_17
2020-12-29 14:14:22 |-INFO  [main] in  s.d.s.w.r.operation.CachingOperationNameGenerator - Generating unique operation named: addUsingPOST_3
2020-12-29 14:14:22 |-INFO  [main] in  s.d.s.w.r.operation.CachingOperationNameGenerator - Generating unique operation named: detailUsingGET_1
2020-12-29 14:14:22 |-INFO  [main] in  s.d.s.w.r.operation.CachingOperationNameGenerator - Generating unique operation named: findPageUsingPOST_18
2020-12-29 14:14:22 |-INFO  [main] in  s.d.s.w.r.operation.CachingOperationNameGenerator - Generating unique operation named: findPageUsingPOST_19
2020-12-29 14:14:22 |-INFO  [main] in  s.d.s.w.r.operation.CachingOperationNameGenerator - Generating unique operation named: addUsingPOST_4
2020-12-29 14:14:22 |-INFO  [main] in  s.d.s.w.r.operation.CachingOperationNameGenerator - Generating unique operation named: findPageUsingPOST_20
2020-12-29 14:14:22 |-INFO  [main] in  s.d.s.w.r.operation.CachingOperationNameGenerator - Generating unique operation named: downloadUsingGET_3
2020-12-29 14:14:22 |-INFO  [main] in  s.d.s.w.r.operation.CachingOperationNameGenerator - Generating unique operation named: findPageUsingPOST_21
2020-12-29 14:14:22 |-INFO  [main] in  s.d.s.w.r.operation.CachingOperationNameGenerator - Generating unique operation named: findPageUsingPOST_22
2020-12-29 14:14:22 |-INFO  [main] in  s.d.s.w.r.operation.CachingOperationNameGenerator - Generating unique operation named: getDetailUsingGET_1
2020-12-29 14:14:22 |-INFO  [main] in  s.d.s.w.r.operation.CachingOperationNameGenerator - Generating unique operation named: addUsingPOST_5
2020-12-29 14:14:22 |-INFO  [main] in  s.d.s.w.r.operation.CachingOperationNameGenerator - Generating unique operation named: findPageUsingPOST_23
2020-12-29 14:14:22 |-INFO  [main] in  s.d.s.w.r.operation.CachingOperationNameGenerator - Generating unique operation named: getDetailUsingGET_2
2020-12-29 14:14:22 |-INFO  [main] in  s.d.s.w.r.operation.CachingOperationNameGenerator - Generating unique operation named: deleteUsingPOST_1
2020-12-29 14:14:22 |-INFO  [main] in  s.d.s.w.r.operation.CachingOperationNameGenerator - Generating unique operation named: findPageUsingPOST_24
2020-12-29 14:14:22 |-INFO  [main] in  s.d.s.w.r.operation.CachingOperationNameGenerator - Generating unique operation named: downloadUsingGET_4
2020-12-29 14:14:22 |-INFO  [main] in  s.d.s.w.r.operation.CachingOperationNameGenerator - Generating unique operation named: downloadUsingGET_5
2020-12-29 14:14:22 |-INFO  [main] in  s.d.s.w.r.operation.CachingOperationNameGenerator - Generating unique operation named: findPageUsingPOST_25
2020-12-29 14:14:22 |-INFO  [main] in  s.d.s.w.r.operation.CachingOperationNameGenerator - Generating unique operation named: findPageUsingPOST_26
2020-12-29 14:14:22 |-INFO  [main] in  s.d.s.w.r.operation.CachingOperationNameGenerator - Generating unique operation named: findPageUsingPOST_27
2020-12-29 14:14:22 |-INFO  [main] in  s.d.s.w.r.operation.CachingOperationNameGenerator - Generating unique operation named: addUsingPOST_6
2020-12-29 14:14:22 |-INFO  [main] in  s.d.s.w.r.operation.CachingOperationNameGenerator - Generating unique operation named: findPageUsingPOST_28
2020-12-29 14:14:22 |-INFO  [main] in  s.d.s.w.r.operation.CachingOperationNameGenerator - Generating unique operation named: applyModifyUsingGET_1
2020-12-29 14:14:22 |-INFO  [main] in  s.d.s.w.r.operation.CachingOperationNameGenerator - Generating unique operation named: detailsUsingPOST_3
2020-12-29 14:14:22 |-INFO  [main] in  s.d.s.w.r.operation.CachingOperationNameGenerator - Generating unique operation named: examineUsingPOST_4
2020-12-29 14:14:22 |-INFO  [main] in  s.d.s.w.r.operation.CachingOperationNameGenerator - Generating unique operation named: findPageUsingPOST_29
2020-12-29 14:14:22 |-INFO  [main] in  s.d.s.w.r.operation.CachingOperationNameGenerator - Generating unique operation named: findPageUsingPOST_30
2020-12-29 14:14:22 |-INFO  [main] in  s.d.s.w.r.operation.CachingOperationNameGenerator - Generating unique operation named: findPageUsingPOST_31
2020-12-29 14:14:22 |-INFO  [main] in  s.d.s.w.r.operation.CachingOperationNameGenerator - Generating unique operation named: initUsingPOST_1
2020-12-29 14:14:22 |-INFO  [main] in  s.d.s.w.r.operation.CachingOperationNameGenerator - Generating unique operation named: addUsingPOST_7
2020-12-29 14:14:22 |-INFO  [main] in  s.d.s.w.r.operation.CachingOperationNameGenerator - Generating unique operation named: findPageUsingPOST_32
2020-12-29 14:14:22 |-INFO  [main] in  s.d.s.w.r.operation.CachingOperationNameGenerator - Generating unique operation named: getDetailUsingGET_3
2020-12-29 14:14:22 |-INFO  [main] in  s.d.s.w.r.operation.CachingOperationNameGenerator - Generating unique operation named: getInputValuesUsingGET_1
2020-12-29 14:14:22 |-INFO  [main] in  s.d.spring.web.scanners.ApiListingReferenceScanner - Scanning for api listing references
2020-12-29 14:14:22 |-INFO  [main] in  s.d.s.w.r.operation.CachingOperationNameGenerator - Generating unique operation named: downloadUsingGET_6
2020-12-29 14:14:22 |-INFO  [main] in  s.d.s.w.r.operation.CachingOperationNameGenerator - Generating unique operation named: deleteUsingPOST_2
2020-12-29 14:14:22 |-INFO  [main] in  s.d.s.w.r.operation.CachingOperationNameGenerator - Generating unique operation named: saveUsingPOST_3
2020-12-29 14:14:22 |-INFO  [main] in  s.d.s.w.r.operation.CachingOperationNameGenerator - Generating unique operation named: deleteUsingPOST_3
2020-12-29 14:14:22 |-INFO  [main] in  s.d.s.w.r.operation.CachingOperationNameGenerator - Generating unique operation named: findPageUsingPOST_33
2020-12-29 14:14:22 |-INFO  [main] in  s.d.s.w.r.operation.CachingOperationNameGenerator - Generating unique operation named: saveUsingPOST_4
2020-12-29 14:14:22 |-INFO  [main] in  s.d.s.w.r.operation.CachingOperationNameGenerator - Generating unique operation named: deleteUsingPOST_4
2020-12-29 14:14:22 |-INFO  [main] in  s.d.s.w.r.operation.CachingOperationNameGenerator - Generating unique operation named: findPageUsingPOST_34
2020-12-29 14:14:22 |-INFO  [main] in  s.d.s.w.r.operation.CachingOperationNameGenerator - Generating unique operation named: findPermissionsUsingGET_1
2020-12-29 14:14:22 |-INFO  [main] in  s.d.s.w.r.operation.CachingOperationNameGenerator - Generating unique operation named: saveUsingPOST_5
2020-12-29 14:14:22 |-INFO  [main] in  com.jinfang.graduationproject.Application - Started Application in 12.129 seconds (JVM running for 15.965)
2020-12-29 14:15:21 |-INFO  [http-nio-8181-exec-1] in  o.a.c.core.ContainerBase.[Tomcat].[localhost].[/] - Initializing Spring DispatcherServlet 'dispatcherServlet'
2020-12-29 14:15:21 |-INFO  [http-nio-8181-exec-1] in  org.springframework.web.servlet.DispatcherServlet - Initializing Servlet 'dispatcherServlet'
2020-12-29 14:15:21 |-INFO  [http-nio-8181-exec-1] in  org.springframework.web.servlet.DispatcherServlet - Completed initialization in 11 ms
2020-12-29 14:32:30 |-INFO  [SpringContextShutdownHook] in  o.s.scheduling.concurrent.ThreadPoolTaskScheduler - Shutting down ExecutorService 'taskScheduler'
2020-12-29 14:32:30 |-INFO  [SpringContextShutdownHook] in  o.s.scheduling.concurrent.ThreadPoolTaskExecutor - Shutting down ExecutorService 'applicationTaskExecutor'
2020-12-29 14:32:30 |-INFO  [SpringContextShutdownHook] in  com.alibaba.druid.pool.DruidDataSource - {dataSource-1} closed
2020-12-29 14:32:48 |-INFO  [main] in  com.jinfang.graduationproject.Application - Starting Application on DESKTOP-07HEQN8 with PID 9344 (H:\IdeaWork2\jinfang-graduation-project\target\classes started by 0000 in H:\IdeaWork2\jinfang-graduation-project)
2020-12-29 14:32:48 |-INFO  [main] in  com.jinfang.graduationproject.Application - No active profile set, falling back to default profiles: default
2020-12-29 14:32:50 |-WARN  [main] in  org.mybatis.spring.mapper.ClassPathMapperScanner - No MyBatis mapper was found in '[com.jinfang.graduationproject.*.mapper]' package. Please check your configuration.
2020-12-29 14:32:51 |-INFO  [main] in  o.s.c.s.PostProcessorRegistrationDelegate$BeanPostProcessorChecker - Bean 'org.springframework.security.access.expression.method.DefaultMethodSecurityExpressionHandler@39f5b723' of type [org.springframework.security.access.expression.method.DefaultMethodSecurityExpressionHandler] is not eligible for getting processed by all BeanPostProcessors (for example: not eligible for auto-proxying)
2020-12-29 14:32:51 |-INFO  [main] in  o.s.c.s.PostProcessorRegistrationDelegate$BeanPostProcessorChecker - Bean 'methodSecurityMetadataSource' of type [org.springframework.security.access.method.DelegatingMethodSecurityMetadataSource] is not eligible for getting processed by all BeanPostProcessors (for example: not eligible for auto-proxying)
2020-12-29 14:32:51 |-INFO  [main] in  o.s.boot.web.embedded.tomcat.TomcatWebServer - Tomcat initialized with port(s): 8181 (http)
2020-12-29 14:32:51 |-INFO  [main] in  org.apache.catalina.core.StandardService - Starting service [Tomcat]
2020-12-29 14:32:51 |-INFO  [main] in  org.apache.catalina.core.StandardEngine - Starting Servlet engine: [Apache Tomcat/9.0.36]
2020-12-29 14:32:51 |-INFO  [main] in  o.a.c.core.ContainerBase.[Tomcat].[localhost].[/] - Initializing Spring embedded WebApplicationContext
2020-12-29 14:32:51 |-INFO  [main] in  o.s.b.w.s.c.ServletWebServerApplicationContext - Root WebApplicationContext: initialization completed in 2966 ms
2020-12-29 14:32:52 |-INFO  [main] in  o.s.boot.web.servlet.RegistrationBean - Filter webStatFilter was not registered (possibly already registered?)
2020-12-29 14:32:52 |-INFO  [main] in  o.s.boot.web.servlet.RegistrationBean - Servlet statViewServlet was not registered (possibly already registered?)
2020-12-29 14:32:52 |-INFO  [main] in  com.alibaba.druid.pool.DruidDataSource - {dataSource-1} inited
2020-12-29 14:32:56 |-INFO  [main] in  s.d.s.w.PropertySourcedRequestMappingHandlerMapping - Mapped URL path [/v2/api-docs] onto method [springfox.documentation.swagger2.web.Swagger2Controller#getDocumentation(String, HttpServletRequest)]
2020-12-29 14:32:56 |-INFO  [main] in  o.s.security.web.DefaultSecurityFilterChain - Creating filter chain: any request, [org.springframework.security.web.context.request.async.WebAsyncManagerIntegrationFilter@53fbb2b4, org.springframework.security.web.context.SecurityContextPersistenceFilter@7e89eba7, org.springframework.security.web.header.HeaderWriterFilter@47c81e89, org.springframework.web.filter.CorsFilter@58833798, org.springframework.security.web.authentication.logout.LogoutFilter@6ceb11f9, org.springframework.security.web.savedrequest.RequestCacheAwareFilter@7b29cdea, org.springframework.security.web.servletapi.SecurityContextHolderAwareRequestFilter@28b5d5dc, org.springframework.security.web.authentication.AnonymousAuthenticationFilter@7434ee13, org.springframework.security.web.session.SessionManagementFilter@7b2e931, org.springframework.security.web.access.ExceptionTranslationFilter@46d148bd, org.springframework.security.web.access.intercept.FilterSecurityInterceptor@3eff6846]
2020-12-29 14:32:56 |-INFO  [main] in  o.s.scheduling.concurrent.ThreadPoolTaskExecutor - Initializing ExecutorService 'applicationTaskExecutor'
2020-12-29 14:32:57 |-INFO  [main] in  o.s.scheduling.concurrent.ThreadPoolTaskScheduler - Initializing ExecutorService 'taskScheduler'
2020-12-29 14:32:57 |-INFO  [main] in  o.s.boot.web.embedded.tomcat.TomcatWebServer - Tomcat started on port(s): 8181 (http) with context path ''
2020-12-29 14:32:57 |-INFO  [main] in  s.d.s.web.plugins.DocumentationPluginsBootstrapper - Context refreshed
2020-12-29 14:32:57 |-INFO  [main] in  s.d.s.web.plugins.DocumentationPluginsBootstrapper - Found 3 custom documentation plugin(s)
2020-12-29 14:32:57 |-INFO  [main] in  s.d.spring.web.scanners.ApiListingReferenceScanner - Scanning for api listing references
2020-12-29 14:32:57 |-INFO  [main] in  s.d.s.w.r.operation.CachingOperationNameGenerator - Generating unique operation named: findPageUsingPOST_1
2020-12-29 14:32:57 |-INFO  [main] in  s.d.s.w.r.operation.CachingOperationNameGenerator - Generating unique operation named: addUsingGET_1
2020-12-29 14:32:57 |-INFO  [main] in  s.d.s.w.r.operation.CachingOperationNameGenerator - Generating unique operation named: findPageUsingPOST_2
2020-12-29 14:32:57 |-INFO  [main] in  s.d.s.w.r.operation.CachingOperationNameGenerator - Generating unique operation named: addUsingGET_2
2020-12-29 14:32:57 |-INFO  [main] in  s.d.s.w.r.operation.CachingOperationNameGenerator - Generating unique operation named: findPageUsingPOST_3
2020-12-29 14:32:57 |-INFO  [main] in  s.d.s.w.r.operation.CachingOperationNameGenerator - Generating unique operation named: writeUsingPOST_1
2020-12-29 14:32:57 |-INFO  [main] in  s.d.s.w.r.operation.CachingOperationNameGenerator - Generating unique operation named: addUsingGET_3
2020-12-29 14:32:57 |-INFO  [main] in  s.d.s.w.r.operation.CachingOperationNameGenerator - Generating unique operation named: detailsUsingGET_1
2020-12-29 14:32:57 |-INFO  [main] in  s.d.s.w.r.operation.CachingOperationNameGenerator - Generating unique operation named: findPageUsingPOST_4
2020-12-29 14:32:57 |-INFO  [main] in  s.d.s.w.r.operation.CachingOperationNameGenerator - Generating unique operation named: addUsingGET_4
2020-12-29 14:32:57 |-INFO  [main] in  s.d.s.w.r.operation.CachingOperationNameGenerator - Generating unique operation named: findPageUsingPOST_5
2020-12-29 14:32:57 |-INFO  [main] in  s.d.s.w.r.operation.CachingOperationNameGenerator - Generating unique operation named: writeUsingPOST_2
2020-12-29 14:32:57 |-INFO  [main] in  s.d.spring.web.scanners.ApiListingReferenceScanner - Scanning for api listing references
2020-12-29 14:32:57 |-INFO  [main] in  s.d.s.w.r.operation.CachingOperationNameGenerator - Generating unique operation named: findPageUsingPOST_6
2020-12-29 14:32:57 |-INFO  [main] in  s.d.s.w.r.operation.CachingOperationNameGenerator - Generating unique operation named: downloadUsingGET_1
2020-12-29 14:32:57 |-INFO  [main] in  s.d.s.w.r.operation.CachingOperationNameGenerator - Generating unique operation named: findPageUsingPOST_7
2020-12-29 14:32:57 |-INFO  [main] in  s.d.s.w.r.operation.CachingOperationNameGenerator - Generating unique operation named: downloadUsingGET_2
2020-12-29 14:32:57 |-INFO  [main] in  s.d.s.w.r.operation.CachingOperationNameGenerator - Generating unique operation named: findPageUsingPOST_8
2020-12-29 14:32:57 |-INFO  [main] in  s.d.s.w.r.operation.CachingOperationNameGenerator - Generating unique operation named: detailsUsingPOST_1
2020-12-29 14:32:57 |-INFO  [main] in  s.d.s.w.r.operation.CachingOperationNameGenerator - Generating unique operation named: findPageUsingPOST_9
2020-12-29 14:32:57 |-INFO  [main] in  s.d.s.w.r.operation.CachingOperationNameGenerator - Generating unique operation named: saveUsingPOST_1
2020-12-29 14:32:57 |-INFO  [main] in  s.d.s.w.r.operation.CachingOperationNameGenerator - Generating unique operation named: addUsingPOST_1
2020-12-29 14:32:57 |-INFO  [main] in  s.d.s.w.r.operation.CachingOperationNameGenerator - Generating unique operation named: findPageUsingPOST_10
2020-12-29 14:32:57 |-INFO  [main] in  s.d.s.w.r.operation.CachingOperationNameGenerator - Generating unique operation named: findPageUsingPOST_11
2020-12-29 14:32:57 |-INFO  [main] in  s.d.s.w.r.operation.CachingOperationNameGenerator - Generating unique operation named: saveUsingPOST_2
2020-12-29 14:32:58 |-INFO  [main] in  s.d.s.w.r.operation.CachingOperationNameGenerator - Generating unique operation named: examineUsingPOST_1
2020-12-29 14:32:58 |-INFO  [main] in  s.d.s.w.r.operation.CachingOperationNameGenerator - Generating unique operation named: findPageUsingPOST_12
2020-12-29 14:32:58 |-INFO  [main] in  s.d.s.w.r.operation.CachingOperationNameGenerator - Generating unique operation named: getHistoryDetailUsingGET_1
2020-12-29 14:32:58 |-INFO  [main] in  s.d.s.w.r.operation.CachingOperationNameGenerator - Generating unique operation named: examineUsingPOST_2
2020-12-29 14:32:58 |-INFO  [main] in  s.d.s.w.r.operation.CachingOperationNameGenerator - Generating unique operation named: findPageUsingPOST_13
2020-12-29 14:32:58 |-INFO  [main] in  s.d.s.w.r.operation.CachingOperationNameGenerator - Generating unique operation named: getHistoryDetailUsingGET_2
2020-12-29 14:32:58 |-INFO  [main] in  s.d.s.w.r.operation.CachingOperationNameGenerator - Generating unique operation named: detailsUsingPOST_2
2020-12-29 14:32:58 |-INFO  [main] in  s.d.s.w.r.operation.CachingOperationNameGenerator - Generating unique operation named: findPageUsingPOST_14
2020-12-29 14:32:58 |-INFO  [main] in  s.d.s.w.r.operation.CachingOperationNameGenerator - Generating unique operation named: detailsUsingGET_2
2020-12-29 14:32:58 |-INFO  [main] in  s.d.s.w.r.operation.CachingOperationNameGenerator - Generating unique operation named: editUsingPOST_1
2020-12-29 14:32:58 |-INFO  [main] in  s.d.s.w.r.operation.CachingOperationNameGenerator - Generating unique operation named: findPageUsingPOST_15
2020-12-29 14:32:58 |-INFO  [main] in  s.d.s.w.r.operation.CachingOperationNameGenerator - Generating unique operation named: getHistoryDetailUsingGET_3
2020-12-29 14:32:58 |-INFO  [main] in  s.d.s.w.r.operation.CachingOperationNameGenerator - Generating unique operation named: examineUsingPOST_3
2020-12-29 14:32:58 |-INFO  [main] in  s.d.s.w.r.operation.CachingOperationNameGenerator - Generating unique operation named: findPageUsingPOST_16
2020-12-29 14:32:58 |-INFO  [main] in  s.d.s.w.r.operation.CachingOperationNameGenerator - Generating unique operation named: getHistoryDetailUsingGET_4
2020-12-29 14:32:58 |-INFO  [main] in  s.d.s.w.r.operation.CachingOperationNameGenerator - Generating unique operation named: addUsingPOST_2
2020-12-29 14:32:58 |-INFO  [main] in  s.d.s.w.r.operation.CachingOperationNameGenerator - Generating unique operation named: findPageUsingPOST_17
2020-12-29 14:32:58 |-INFO  [main] in  s.d.s.w.r.operation.CachingOperationNameGenerator - Generating unique operation named: addUsingPOST_3
2020-12-29 14:32:58 |-INFO  [main] in  s.d.s.w.r.operation.CachingOperationNameGenerator - Generating unique operation named: detailUsingGET_1
2020-12-29 14:32:58 |-INFO  [main] in  s.d.s.w.r.operation.CachingOperationNameGenerator - Generating unique operation named: findPageUsingPOST_18
2020-12-29 14:32:58 |-INFO  [main] in  s.d.s.w.r.operation.CachingOperationNameGenerator - Generating unique operation named: findPageUsingPOST_19
2020-12-29 14:32:58 |-INFO  [main] in  s.d.s.w.r.operation.CachingOperationNameGenerator - Generating unique operation named: addUsingPOST_4
2020-12-29 14:32:58 |-INFO  [main] in  s.d.s.w.r.operation.CachingOperationNameGenerator - Generating unique operation named: findPageUsingPOST_20
2020-12-29 14:32:58 |-INFO  [main] in  s.d.s.w.r.operation.CachingOperationNameGenerator - Generating unique operation named: downloadUsingGET_3
2020-12-29 14:32:58 |-INFO  [main] in  s.d.s.w.r.operation.CachingOperationNameGenerator - Generating unique operation named: findPageUsingPOST_21
2020-12-29 14:32:58 |-INFO  [main] in  s.d.s.w.r.operation.CachingOperationNameGenerator - Generating unique operation named: findPageUsingPOST_22
2020-12-29 14:32:58 |-INFO  [main] in  s.d.s.w.r.operation.CachingOperationNameGenerator - Generating unique operation named: getDetailUsingGET_1
2020-12-29 14:32:58 |-INFO  [main] in  s.d.s.w.r.operation.CachingOperationNameGenerator - Generating unique operation named: addUsingPOST_5
2020-12-29 14:32:58 |-INFO  [main] in  s.d.s.w.r.operation.CachingOperationNameGenerator - Generating unique operation named: findPageUsingPOST_23
2020-12-29 14:32:58 |-INFO  [main] in  s.d.s.w.r.operation.CachingOperationNameGenerator - Generating unique operation named: getDetailUsingGET_2
2020-12-29 14:32:58 |-INFO  [main] in  s.d.s.w.r.operation.CachingOperationNameGenerator - Generating unique operation named: deleteUsingPOST_1
2020-12-29 14:32:58 |-INFO  [main] in  s.d.s.w.r.operation.CachingOperationNameGenerator - Generating unique operation named: findPageUsingPOST_24
2020-12-29 14:32:58 |-INFO  [main] in  s.d.s.w.r.operation.CachingOperationNameGenerator - Generating unique operation named: downloadUsingGET_4
2020-12-29 14:32:58 |-INFO  [main] in  s.d.s.w.r.operation.CachingOperationNameGenerator - Generating unique operation named: downloadUsingGET_5
2020-12-29 14:32:58 |-INFO  [main] in  s.d.s.w.r.operation.CachingOperationNameGenerator - Generating unique operation named: findPageUsingPOST_25
2020-12-29 14:32:58 |-INFO  [main] in  s.d.s.w.r.operation.CachingOperationNameGenerator - Generating unique operation named: findPageUsingPOST_26
2020-12-29 14:32:58 |-INFO  [main] in  s.d.s.w.r.operation.CachingOperationNameGenerator - Generating unique operation named: findPageUsingPOST_27
2020-12-29 14:32:58 |-INFO  [main] in  s.d.s.w.r.operation.CachingOperationNameGenerator - Generating unique operation named: addUsingPOST_6
2020-12-29 14:32:58 |-INFO  [main] in  s.d.s.w.r.operation.CachingOperationNameGenerator - Generating unique operation named: findPageUsingPOST_28
2020-12-29 14:32:58 |-INFO  [main] in  s.d.s.w.r.operation.CachingOperationNameGenerator - Generating unique operation named: applyModifyUsingGET_1
2020-12-29 14:32:58 |-INFO  [main] in  s.d.s.w.r.operation.CachingOperationNameGenerator - Generating unique operation named: detailsUsingPOST_3
2020-12-29 14:32:58 |-INFO  [main] in  s.d.s.w.r.operation.CachingOperationNameGenerator - Generating unique operation named: examineUsingPOST_4
2020-12-29 14:32:58 |-INFO  [main] in  s.d.s.w.r.operation.CachingOperationNameGenerator - Generating unique operation named: findPageUsingPOST_29
2020-12-29 14:32:58 |-INFO  [main] in  s.d.s.w.r.operation.CachingOperationNameGenerator - Generating unique operation named: findPageUsingPOST_30
2020-12-29 14:32:58 |-INFO  [main] in  s.d.s.w.r.operation.CachingOperationNameGenerator - Generating unique operation named: findPageUsingPOST_31
2020-12-29 14:32:58 |-INFO  [main] in  s.d.s.w.r.operation.CachingOperationNameGenerator - Generating unique operation named: initUsingPOST_1
2020-12-29 14:32:58 |-INFO  [main] in  s.d.s.w.r.operation.CachingOperationNameGenerator - Generating unique operation named: addUsingPOST_7
2020-12-29 14:32:58 |-INFO  [main] in  s.d.s.w.r.operation.CachingOperationNameGenerator - Generating unique operation named: findPageUsingPOST_32
2020-12-29 14:32:58 |-INFO  [main] in  s.d.s.w.r.operation.CachingOperationNameGenerator - Generating unique operation named: getDetailUsingGET_3
2020-12-29 14:32:58 |-INFO  [main] in  s.d.s.w.r.operation.CachingOperationNameGenerator - Generating unique operation named: getInputValuesUsingGET_1
2020-12-29 14:32:58 |-INFO  [main] in  s.d.spring.web.scanners.ApiListingReferenceScanner - Scanning for api listing references
2020-12-29 14:32:58 |-INFO  [main] in  s.d.s.w.r.operation.CachingOperationNameGenerator - Generating unique operation named: downloadUsingGET_6
2020-12-29 14:32:58 |-INFO  [main] in  s.d.s.w.r.operation.CachingOperationNameGenerator - Generating unique operation named: deleteUsingPOST_2
2020-12-29 14:32:58 |-INFO  [main] in  s.d.s.w.r.operation.CachingOperationNameGenerator - Generating unique operation named: saveUsingPOST_3
2020-12-29 14:32:58 |-INFO  [main] in  s.d.s.w.r.operation.CachingOperationNameGenerator - Generating unique operation named: deleteUsingPOST_3
2020-12-29 14:32:58 |-INFO  [main] in  s.d.s.w.r.operation.CachingOperationNameGenerator - Generating unique operation named: findPageUsingPOST_33
2020-12-29 14:32:58 |-INFO  [main] in  s.d.s.w.r.operation.CachingOperationNameGenerator - Generating unique operation named: saveUsingPOST_4
2020-12-29 14:32:58 |-INFO  [main] in  s.d.s.w.r.operation.CachingOperationNameGenerator - Generating unique operation named: deleteUsingPOST_4
2020-12-29 14:32:58 |-INFO  [main] in  s.d.s.w.r.operation.CachingOperationNameGenerator - Generating unique operation named: findPageUsingPOST_34
2020-12-29 14:32:58 |-INFO  [main] in  s.d.s.w.r.operation.CachingOperationNameGenerator - Generating unique operation named: findPermissionsUsingGET_1
2020-12-29 14:32:58 |-INFO  [main] in  s.d.s.w.r.operation.CachingOperationNameGenerator - Generating unique operation named: saveUsingPOST_5
2020-12-29 14:32:58 |-INFO  [main] in  com.jinfang.graduationproject.Application - Started Application in 10.443 seconds (JVM running for 14.977)
2020-12-29 14:33:48 |-INFO  [http-nio-8181-exec-1] in  o.a.c.core.ContainerBase.[Tomcat].[localhost].[/] - Initializing Spring DispatcherServlet 'dispatcherServlet'
2020-12-29 14:33:48 |-INFO  [http-nio-8181-exec-1] in  org.springframework.web.servlet.DispatcherServlet - Initializing Servlet 'dispatcherServlet'
2020-12-29 14:33:48 |-INFO  [http-nio-8181-exec-1] in  org.springframework.web.servlet.DispatcherServlet - Completed initialization in 15 ms
2020-12-29 16:05:35 |-INFO  [main] in  com.jinfang.graduationproject.Application - Starting Application on DESKTOP-07HEQN8 with PID 6396 (H:\IdeaWork2\jinfang-graduation-project\target\classes started by 0000 in H:\IdeaWork2\jinfang-graduation-project)
2020-12-29 16:05:35 |-INFO  [main] in  com.jinfang.graduationproject.Application - No active profile set, falling back to default profiles: default
2020-12-29 16:05:38 |-WARN  [main] in  org.mybatis.spring.mapper.ClassPathMapperScanner - No MyBatis mapper was found in '[com.jinfang.graduationproject.*.mapper]' package. Please check your configuration.
2020-12-29 16:05:39 |-INFO  [main] in  o.s.c.s.PostProcessorRegistrationDelegate$BeanPostProcessorChecker - Bean 'org.springframework.security.access.expression.method.DefaultMethodSecurityExpressionHandler@70721c12' of type [org.springframework.security.access.expression.method.DefaultMethodSecurityExpressionHandler] is not eligible for getting processed by all BeanPostProcessors (for example: not eligible for auto-proxying)
2020-12-29 16:05:39 |-INFO  [main] in  o.s.c.s.PostProcessorRegistrationDelegate$BeanPostProcessorChecker - Bean 'methodSecurityMetadataSource' of type [org.springframework.security.access.method.DelegatingMethodSecurityMetadataSource] is not eligible for getting processed by all BeanPostProcessors (for example: not eligible for auto-proxying)
2020-12-29 16:05:39 |-INFO  [main] in  o.s.boot.web.embedded.tomcat.TomcatWebServer - Tomcat initialized with port(s): 8181 (http)
2020-12-29 16:05:39 |-INFO  [main] in  org.apache.catalina.core.StandardService - Starting service [Tomcat]
2020-12-29 16:05:39 |-INFO  [main] in  org.apache.catalina.core.StandardEngine - Starting Servlet engine: [Apache Tomcat/9.0.36]
2020-12-29 16:05:39 |-INFO  [main] in  o.a.c.core.ContainerBase.[Tomcat].[localhost].[/] - Initializing Spring embedded WebApplicationContext
2020-12-29 16:05:39 |-INFO  [main] in  o.s.b.w.s.c.ServletWebServerApplicationContext - Root WebApplicationContext: initialization completed in 3793 ms
2020-12-29 16:05:39 |-INFO  [main] in  o.s.boot.web.servlet.RegistrationBean - Filter webStatFilter was not registered (possibly already registered?)
2020-12-29 16:05:39 |-INFO  [main] in  o.s.boot.web.servlet.RegistrationBean - Servlet statViewServlet was not registered (possibly already registered?)
2020-12-29 16:05:40 |-INFO  [main] in  com.alibaba.druid.pool.DruidDataSource - {dataSource-1} inited
2020-12-29 16:05:42 |-INFO  [main] in  s.d.s.w.PropertySourcedRequestMappingHandlerMapping - Mapped URL path [/v2/api-docs] onto method [springfox.documentation.swagger2.web.Swagger2Controller#getDocumentation(String, HttpServletRequest)]
2020-12-29 16:05:43 |-INFO  [main] in  o.s.security.web.DefaultSecurityFilterChain - Creating filter chain: any request, [org.springframework.security.web.context.request.async.WebAsyncManagerIntegrationFilter@407f2029, org.springframework.security.web.context.SecurityContextPersistenceFilter@2fdf7da2, org.springframework.security.web.header.HeaderWriterFilter@1fc3df43, org.springframework.web.filter.CorsFilter@798deee8, org.springframework.security.web.authentication.logout.LogoutFilter@46994f26, org.springframework.security.web.savedrequest.RequestCacheAwareFilter@39695803, org.springframework.security.web.servletapi.SecurityContextHolderAwareRequestFilter@57b711b6, org.springframework.security.web.authentication.AnonymousAuthenticationFilter@77020328, org.springframework.security.web.session.SessionManagementFilter@6fa2a006, org.springframework.security.web.access.ExceptionTranslationFilter@6a543e09, org.springframework.security.web.access.intercept.FilterSecurityInterceptor@f08d676]
2020-12-29 16:05:43 |-INFO  [main] in  o.s.scheduling.concurrent.ThreadPoolTaskExecutor - Initializing ExecutorService 'applicationTaskExecutor'
2020-12-29 16:05:43 |-INFO  [main] in  o.s.scheduling.concurrent.ThreadPoolTaskScheduler - Initializing ExecutorService 'taskScheduler'
2020-12-29 16:05:43 |-INFO  [main] in  o.s.boot.web.embedded.tomcat.TomcatWebServer - Tomcat started on port(s): 8181 (http) with context path ''
2020-12-29 16:05:43 |-INFO  [main] in  s.d.s.web.plugins.DocumentationPluginsBootstrapper - Context refreshed
2020-12-29 16:05:43 |-INFO  [main] in  s.d.s.web.plugins.DocumentationPluginsBootstrapper - Found 3 custom documentation plugin(s)
2020-12-29 16:05:43 |-INFO  [main] in  s.d.spring.web.scanners.ApiListingReferenceScanner - Scanning for api listing references
2020-12-29 16:05:44 |-INFO  [main] in  s.d.s.w.r.operation.CachingOperationNameGenerator - Generating unique operation named: findPageUsingPOST_1
2020-12-29 16:05:44 |-INFO  [main] in  s.d.s.w.r.operation.CachingOperationNameGenerator - Generating unique operation named: addUsingGET_1
2020-12-29 16:05:44 |-INFO  [main] in  s.d.s.w.r.operation.CachingOperationNameGenerator - Generating unique operation named: findPageUsingPOST_2
2020-12-29 16:05:44 |-INFO  [main] in  s.d.s.w.r.operation.CachingOperationNameGenerator - Generating unique operation named: addUsingGET_2
2020-12-29 16:05:44 |-INFO  [main] in  s.d.s.w.r.operation.CachingOperationNameGenerator - Generating unique operation named: findPageUsingPOST_3
2020-12-29 16:05:44 |-INFO  [main] in  s.d.s.w.r.operation.CachingOperationNameGenerator - Generating unique operation named: writeUsingPOST_1
2020-12-29 16:05:44 |-INFO  [main] in  s.d.s.w.r.operation.CachingOperationNameGenerator - Generating unique operation named: addUsingGET_3
2020-12-29 16:05:44 |-INFO  [main] in  s.d.s.w.r.operation.CachingOperationNameGenerator - Generating unique operation named: detailsUsingGET_1
2020-12-29 16:05:44 |-INFO  [main] in  s.d.s.w.r.operation.CachingOperationNameGenerator - Generating unique operation named: findPageUsingPOST_4
2020-12-29 16:05:44 |-INFO  [main] in  s.d.s.w.r.operation.CachingOperationNameGenerator - Generating unique operation named: addUsingGET_4
2020-12-29 16:05:44 |-INFO  [main] in  s.d.s.w.r.operation.CachingOperationNameGenerator - Generating unique operation named: findPageUsingPOST_5
2020-12-29 16:05:44 |-INFO  [main] in  s.d.s.w.r.operation.CachingOperationNameGenerator - Generating unique operation named: writeUsingPOST_2
2020-12-29 16:05:44 |-INFO  [main] in  s.d.spring.web.scanners.ApiListingReferenceScanner - Scanning for api listing references
2020-12-29 16:05:44 |-INFO  [main] in  s.d.s.w.r.operation.CachingOperationNameGenerator - Generating unique operation named: findPageUsingPOST_6
2020-12-29 16:05:44 |-INFO  [main] in  s.d.s.w.r.operation.CachingOperationNameGenerator - Generating unique operation named: downloadUsingGET_1
2020-12-29 16:05:44 |-INFO  [main] in  s.d.s.w.r.operation.CachingOperationNameGenerator - Generating unique operation named: findPageUsingPOST_7
2020-12-29 16:05:44 |-INFO  [main] in  s.d.s.w.r.operation.CachingOperationNameGenerator - Generating unique operation named: downloadUsingGET_2
2020-12-29 16:05:44 |-INFO  [main] in  s.d.s.w.r.operation.CachingOperationNameGenerator - Generating unique operation named: findPageUsingPOST_8
2020-12-29 16:05:44 |-INFO  [main] in  s.d.s.w.r.operation.CachingOperationNameGenerator - Generating unique operation named: detailsUsingPOST_1
2020-12-29 16:05:44 |-INFO  [main] in  s.d.s.w.r.operation.CachingOperationNameGenerator - Generating unique operation named: findPageUsingPOST_9
2020-12-29 16:05:44 |-INFO  [main] in  s.d.s.w.r.operation.CachingOperationNameGenerator - Generating unique operation named: saveUsingPOST_1
2020-12-29 16:05:44 |-INFO  [main] in  s.d.s.w.r.operation.CachingOperationNameGenerator - Generating unique operation named: addUsingPOST_1
2020-12-29 16:05:44 |-INFO  [main] in  s.d.s.w.r.operation.CachingOperationNameGenerator - Generating unique operation named: findPageUsingPOST_10
2020-12-29 16:05:44 |-INFO  [main] in  s.d.s.w.r.operation.CachingOperationNameGenerator - Generating unique operation named: findPageUsingPOST_11
2020-12-29 16:05:44 |-INFO  [main] in  s.d.s.w.r.operation.CachingOperationNameGenerator - Generating unique operation named: saveUsingPOST_2
2020-12-29 16:05:44 |-INFO  [main] in  s.d.s.w.r.operation.CachingOperationNameGenerator - Generating unique operation named: examineUsingPOST_1
2020-12-29 16:05:44 |-INFO  [main] in  s.d.s.w.r.operation.CachingOperationNameGenerator - Generating unique operation named: findPageUsingPOST_12
2020-12-29 16:05:44 |-INFO  [main] in  s.d.s.w.r.operation.CachingOperationNameGenerator - Generating unique operation named: getHistoryDetailUsingGET_1
2020-12-29 16:05:44 |-INFO  [main] in  s.d.s.w.r.operation.CachingOperationNameGenerator - Generating unique operation named: examineUsingPOST_2
2020-12-29 16:05:44 |-INFO  [main] in  s.d.s.w.r.operation.CachingOperationNameGenerator - Generating unique operation named: findPageUsingPOST_13
2020-12-29 16:05:44 |-INFO  [main] in  s.d.s.w.r.operation.CachingOperationNameGenerator - Generating unique operation named: getHistoryDetailUsingGET_2
2020-12-29 16:05:44 |-INFO  [main] in  s.d.s.w.r.operation.CachingOperationNameGenerator - Generating unique operation named: detailsUsingPOST_2
2020-12-29 16:05:44 |-INFO  [main] in  s.d.s.w.r.operation.CachingOperationNameGenerator - Generating unique operation named: findPageUsingPOST_14
2020-12-29 16:05:44 |-INFO  [main] in  s.d.s.w.r.operation.CachingOperationNameGenerator - Generating unique operation named: detailsUsingGET_2
2020-12-29 16:05:44 |-INFO  [main] in  s.d.s.w.r.operation.CachingOperationNameGenerator - Generating unique operation named: editUsingPOST_1
2020-12-29 16:05:44 |-INFO  [main] in  s.d.s.w.r.operation.CachingOperationNameGenerator - Generating unique operation named: findPageUsingPOST_15
2020-12-29 16:05:44 |-INFO  [main] in  s.d.s.w.r.operation.CachingOperationNameGenerator - Generating unique operation named: getHistoryDetailUsingGET_3
2020-12-29 16:05:44 |-INFO  [main] in  s.d.s.w.r.operation.CachingOperationNameGenerator - Generating unique operation named: examineUsingPOST_3
2020-12-29 16:05:44 |-INFO  [main] in  s.d.s.w.r.operation.CachingOperationNameGenerator - Generating unique operation named: findPageUsingPOST_16
2020-12-29 16:05:44 |-INFO  [main] in  s.d.s.w.r.operation.CachingOperationNameGenerator - Generating unique operation named: getHistoryDetailUsingGET_4
2020-12-29 16:05:44 |-INFO  [main] in  s.d.s.w.r.operation.CachingOperationNameGenerator - Generating unique operation named: addUsingPOST_2
2020-12-29 16:05:44 |-INFO  [main] in  s.d.s.w.r.operation.CachingOperationNameGenerator - Generating unique operation named: findPageUsingPOST_17
2020-12-29 16:05:44 |-INFO  [main] in  s.d.s.w.r.operation.CachingOperationNameGenerator - Generating unique operation named: addUsingPOST_3
2020-12-29 16:05:44 |-INFO  [main] in  s.d.s.w.r.operation.CachingOperationNameGenerator - Generating unique operation named: detailUsingGET_1
2020-12-29 16:05:44 |-INFO  [main] in  s.d.s.w.r.operation.CachingOperationNameGenerator - Generating unique operation named: findPageUsingPOST_18
2020-12-29 16:05:44 |-INFO  [main] in  s.d.s.w.r.operation.CachingOperationNameGenerator - Generating unique operation named: findPageUsingPOST_19
2020-12-29 16:05:44 |-INFO  [main] in  s.d.s.w.r.operation.CachingOperationNameGenerator - Generating unique operation named: addUsingPOST_4
2020-12-29 16:05:44 |-INFO  [main] in  s.d.s.w.r.operation.CachingOperationNameGenerator - Generating unique operation named: findPageUsingPOST_20
2020-12-29 16:05:44 |-INFO  [main] in  s.d.s.w.r.operation.CachingOperationNameGenerator - Generating unique operation named: downloadUsingGET_3
2020-12-29 16:05:44 |-INFO  [main] in  s.d.s.w.r.operation.CachingOperationNameGenerator - Generating unique operation named: findPageUsingPOST_21
2020-12-29 16:05:44 |-INFO  [main] in  s.d.s.w.r.operation.CachingOperationNameGenerator - Generating unique operation named: findPageUsingPOST_22
2020-12-29 16:05:44 |-INFO  [main] in  s.d.s.w.r.operation.CachingOperationNameGenerator - Generating unique operation named: getDetailUsingGET_1
2020-12-29 16:05:44 |-INFO  [main] in  s.d.s.w.r.operation.CachingOperationNameGenerator - Generating unique operation named: addUsingPOST_5
2020-12-29 16:05:44 |-INFO  [main] in  s.d.s.w.r.operation.CachingOperationNameGenerator - Generating unique operation named: findPageUsingPOST_23
2020-12-29 16:05:44 |-INFO  [main] in  s.d.s.w.r.operation.CachingOperationNameGenerator - Generating unique operation named: getDetailUsingGET_2
2020-12-29 16:05:44 |-INFO  [main] in  s.d.s.w.r.operation.CachingOperationNameGenerator - Generating unique operation named: deleteUsingPOST_1
2020-12-29 16:05:44 |-INFO  [main] in  s.d.s.w.r.operation.CachingOperationNameGenerator - Generating unique operation named: findPageUsingPOST_24
2020-12-29 16:05:44 |-INFO  [main] in  s.d.s.w.r.operation.CachingOperationNameGenerator - Generating unique operation named: downloadUsingGET_4
2020-12-29 16:05:44 |-INFO  [main] in  s.d.s.w.r.operation.CachingOperationNameGenerator - Generating unique operation named: downloadUsingGET_5
2020-12-29 16:05:44 |-INFO  [main] in  s.d.s.w.r.operation.CachingOperationNameGenerator - Generating unique operation named: findPageUsingPOST_25
2020-12-29 16:05:44 |-INFO  [main] in  s.d.s.w.r.operation.CachingOperationNameGenerator - Generating unique operation named: findPageUsingPOST_26
2020-12-29 16:05:44 |-INFO  [main] in  s.d.s.w.r.operation.CachingOperationNameGenerator - Generating unique operation named: findPageUsingPOST_27
2020-12-29 16:05:44 |-INFO  [main] in  s.d.s.w.r.operation.CachingOperationNameGenerator - Generating unique operation named: addUsingPOST_6
2020-12-29 16:05:44 |-INFO  [main] in  s.d.s.w.r.operation.CachingOperationNameGenerator - Generating unique operation named: findPageUsingPOST_28
2020-12-29 16:05:44 |-INFO  [main] in  s.d.s.w.r.operation.CachingOperationNameGenerator - Generating unique operation named: applyModifyUsingGET_1
2020-12-29 16:05:44 |-INFO  [main] in  s.d.s.w.r.operation.CachingOperationNameGenerator - Generating unique operation named: detailsUsingPOST_3
2020-12-29 16:05:44 |-INFO  [main] in  s.d.s.w.r.operation.CachingOperationNameGenerator - Generating unique operation named: examineUsingPOST_4
2020-12-29 16:05:44 |-INFO  [main] in  s.d.s.w.r.operation.CachingOperationNameGenerator - Generating unique operation named: findPageUsingPOST_29
2020-12-29 16:05:44 |-INFO  [main] in  s.d.s.w.r.operation.CachingOperationNameGenerator - Generating unique operation named: findPageUsingPOST_30
2020-12-29 16:05:44 |-INFO  [main] in  s.d.s.w.r.operation.CachingOperationNameGenerator - Generating unique operation named: findPageUsingPOST_31
2020-12-29 16:05:44 |-INFO  [main] in  s.d.s.w.r.operation.CachingOperationNameGenerator - Generating unique operation named: initUsingPOST_1
2020-12-29 16:05:44 |-INFO  [main] in  s.d.s.w.r.operation.CachingOperationNameGenerator - Generating unique operation named: addUsingPOST_7
2020-12-29 16:05:44 |-INFO  [main] in  s.d.s.w.r.operation.CachingOperationNameGenerator - Generating unique operation named: findPageUsingPOST_32
2020-12-29 16:05:44 |-INFO  [main] in  s.d.s.w.r.operation.CachingOperationNameGenerator - Generating unique operation named: getDetailUsingGET_3
2020-12-29 16:05:44 |-INFO  [main] in  s.d.s.w.r.operation.CachingOperationNameGenerator - Generating unique operation named: getInputValuesUsingGET_1
2020-12-29 16:05:44 |-INFO  [main] in  s.d.spring.web.scanners.ApiListingReferenceScanner - Scanning for api listing references
2020-12-29 16:05:44 |-INFO  [main] in  s.d.s.w.r.operation.CachingOperationNameGenerator - Generating unique operation named: downloadUsingGET_6
2020-12-29 16:05:44 |-INFO  [main] in  s.d.s.w.r.operation.CachingOperationNameGenerator - Generating unique operation named: deleteUsingPOST_2
2020-12-29 16:05:44 |-INFO  [main] in  s.d.s.w.r.operation.CachingOperationNameGenerator - Generating unique operation named: saveUsingPOST_3
2020-12-29 16:05:44 |-INFO  [main] in  s.d.s.w.r.operation.CachingOperationNameGenerator - Generating unique operation named: deleteUsingPOST_3
2020-12-29 16:05:44 |-INFO  [main] in  s.d.s.w.r.operation.CachingOperationNameGenerator - Generating unique operation named: findPageUsingPOST_33
2020-12-29 16:05:44 |-INFO  [main] in  s.d.s.w.r.operation.CachingOperationNameGenerator - Generating unique operation named: saveUsingPOST_4
2020-12-29 16:05:44 |-INFO  [main] in  s.d.s.w.r.operation.CachingOperationNameGenerator - Generating unique operation named: deleteUsingPOST_4
2020-12-29 16:05:44 |-INFO  [main] in  s.d.s.w.r.operation.CachingOperationNameGenerator - Generating unique operation named: findPageUsingPOST_34
2020-12-29 16:05:44 |-INFO  [main] in  s.d.s.w.r.operation.CachingOperationNameGenerator - Generating unique operation named: findPermissionsUsingGET_1
2020-12-29 16:05:44 |-INFO  [main] in  s.d.s.w.r.operation.CachingOperationNameGenerator - Generating unique operation named: saveUsingPOST_5
2020-12-29 16:05:44 |-INFO  [main] in  com.jinfang.graduationproject.Application - Started Application in 10.516 seconds (JVM running for 16.125)
2020-12-29 16:06:08 |-INFO  [http-nio-8181-exec-2] in  o.a.c.core.ContainerBase.[Tomcat].[localhost].[/] - Initializing Spring DispatcherServlet 'dispatcherServlet'
2020-12-29 16:06:08 |-INFO  [http-nio-8181-exec-2] in  org.springframework.web.servlet.DispatcherServlet - Initializing Servlet 'dispatcherServlet'
2020-12-29 16:06:08 |-INFO  [http-nio-8181-exec-2] in  org.springframework.web.servlet.DispatcherServlet - Completed initialization in 10 ms
